\BOOKMARK [0][-]{chapter*.1}{Agradecimentos}{}% 1
\BOOKMARK [0][-]{chapter*.2}{Resumo}{}% 2
\BOOKMARK [0][-]{chapter*.3}{Lista de figuras}{}% 3
\BOOKMARK [0][-]{chapter*.4}{Lista de tabelas}{}% 4
\BOOKMARK [0][-]{chapter*.5}{Abreviaturas}{}% 5
\BOOKMARK [0][-]{chapter.1}{Introdu\347\343o}{}% 6
\BOOKMARK [1][-]{section.1.1}{Motiva\347\343o e contexto}{chapter.1}% 7
\BOOKMARK [1][-]{section.1.2}{Objetivos}{chapter.1}% 8
\BOOKMARK [1][-]{section.1.3}{Contribui\347\365es tecnol\363gicas}{chapter.1}% 9
\BOOKMARK [1][-]{section.1.4}{Organiza\347\343o do documento}{chapter.1}% 10
\BOOKMARK [0][-]{chapter.2}{Arquitetura da unidade central}{}% 11
\BOOKMARK [1][-]{section.2.1}{Sistema de controlo de automatismos comerciais}{chapter.2}% 12
\BOOKMARK [2][-]{subsection.2.1.1}{Unidades transmissoras}{section.2.1}% 13
\BOOKMARK [2][-]{subsection.2.1.2}{Unidades recetoras}{section.2.1}% 14
\BOOKMARK [1][-]{section.2.2}{S\355mbolos, tramas e c\363digos}{chapter.2}% 15
\BOOKMARK [2][-]{subsection.2.2.1}{C\363digos de linha}{section.2.2}% 16
\BOOKMARK [2][-]{subsection.2.2.2}{Composi\347\343o das tramas}{section.2.2}% 17
\BOOKMARK [2][-]{subsection.2.2.3}{C\363digos}{section.2.2}% 18
\BOOKMARK [1][-]{section.2.3}{Arquitetura do sistema}{chapter.2}% 19
\BOOKMARK [2][-]{subsection.2.3.1}{Funcionalidades e especifica\347\365es iniciais}{section.2.3}% 20
\BOOKMARK [2][-]{subsection.2.3.2}{Diagrama modular}{section.2.3}% 21
\BOOKMARK [1][-]{section.2.4}{Sum\341rio}{chapter.2}% 22
\BOOKMARK [0][-]{chapter.3}{Desenvolvimento da unidade central de controlo e comando}{}% 23
\BOOKMARK [1][-]{section.3.1}{Sistema de processamento e controlo}{chapter.3}% 24
\BOOKMARK [2][-]{subsection.3.1.1}{Microcontrolador}{section.3.1}% 25
\BOOKMARK [2][-]{subsection.3.1.2}{Liga\347\343o ao m\363dulo GSM}{section.3.1}% 26
\BOOKMARK [2][-]{subsection.3.1.3}{Liga\347\343o ao m\363dulo RF}{section.3.1}% 27
\BOOKMARK [2][-]{subsection.3.1.4}{Liga\347\343o ao sistema de alerta sonoro}{section.3.1}% 28
\BOOKMARK [2][-]{subsection.3.1.5}{Liga\347\343o ao indicador luminoso do n\355vel de rede}{section.3.1}% 29
\BOOKMARK [1][-]{section.3.2}{M\363dulos de comunica\347\343o}{chapter.3}% 30
\BOOKMARK [2][-]{subsection.3.2.1}{M\363dulo GSM}{section.3.2}% 31
\BOOKMARK [2][-]{subsection.3.2.2}{M\363dulo RF}{section.3.2}% 32
\BOOKMARK [1][-]{section.3.3}{Sistema de interface da U3C}{chapter.3}% 33
\BOOKMARK [2][-]{subsection.3.3.1}{Entradas}{section.3.3}% 34
\BOOKMARK [2][-]{subsection.3.3.2}{Sa\355das}{section.3.3}% 35
\BOOKMARK [1][-]{section.3.4}{Sistema da mem\363ria}{chapter.3}% 36
\BOOKMARK [1][-]{section.3.5}{M\363dulo de alimenta\347\343o}{chapter.3}% 37
\BOOKMARK [2][-]{subsection.3.5.1}{Estimativa de consumos}{section.3.5}% 38
\BOOKMARK [2][-]{subsection.3.5.2}{Retifica\347\343o com filtragem}{section.3.5}% 39
\BOOKMARK [2][-]{subsection.3.5.3}{Fonte comutada}{section.3.5}% 40
\BOOKMARK [2][-]{subsection.3.5.4}{Fonte isolada}{section.3.5}% 41
\BOOKMARK [2][-]{subsection.3.5.5}{Fonte 3.3 V}{section.3.5}% 42
\BOOKMARK [1][-]{section.3.6}{Sum\341rio}{chapter.3}% 43
\BOOKMARK [0][-]{chapter.4}{Implementa\347\343o da U3C}{}% 44
\BOOKMARK [1][-]{section.4.1}{Placas de circuito impresso}{chapter.4}% 45
\BOOKMARK [2][-]{subsection.4.1.1}{Normas pr\341ticas gerais}{section.4.1}% 46
\BOOKMARK [2][-]{subsection.4.1.2}{Tipo de PCI e regras de projeto}{section.4.1}% 47
\BOOKMARK [2][-]{subsection.4.1.3}{Planos de terra}{section.4.1}% 48
\BOOKMARK [2][-]{subsection.4.1.4}{Legendas}{section.4.1}% 49
\BOOKMARK [1][-]{section.4.2}{Estrutura f\355sica e placa principal da U3C}{chapter.4}% 50
\BOOKMARK [1][-]{section.4.3}{M\363dulo de RF}{chapter.4}% 51
\BOOKMARK [2][-]{subsection.4.3.1}{Antena integrada}{section.4.3}% 52
\BOOKMARK [2][-]{subsection.4.3.2}{PCI}{section.4.3}% 53
\BOOKMARK [1][-]{section.4.4}{Aspeto final}{chapter.4}% 54
\BOOKMARK [1][-]{section.4.5}{Sum\341rio}{chapter.4}% 55
\BOOKMARK [0][-]{chapter.5}{Desenvolvimento da programa\347\343o da unidade central}{}% 56
\BOOKMARK [1][-]{section.5.1}{Programa\347\343o do microcontrolador}{chapter.5}% 57
\BOOKMARK [2][-]{subsection.5.1.1}{Interface com m\363dulo GSM}{section.5.1}% 58
\BOOKMARK [2][-]{subsection.5.1.2}{Interface com m\363dulo RF}{section.5.1}% 59
\BOOKMARK [1][-]{section.5.2}{Aplica\347\343o Android}{chapter.5}% 60
\BOOKMARK [1][-]{section.5.3}{Sum\341rio}{chapter.5}% 61
\BOOKMARK [0][-]{chapter.6}{Conclus\365es}{}% 62
\BOOKMARK [1][-]{section.6.1}{Desempenho e funcionamento da U3C}{chapter.6}% 63
\BOOKMARK [2][-]{subsection.6.1.1}{Testes de desempenho da fonte de alimenta\347\343o}{section.6.1}% 64
\BOOKMARK [2][-]{subsection.6.1.2}{Testes de desempenho da U3C}{section.6.1}% 65
\BOOKMARK [1][-]{section.6.2}{Trabalho futuro}{chapter.6}% 66
\BOOKMARK [0][-]{appendix.A}{Primeira fase de implementa\347\343o}{}% 67
\BOOKMARK [1][-]{section.A.1}{Placa PCI do primeiro prot\363tipo}{appendix.A}% 68
\BOOKMARK [1][-]{section.A.2}{Placa de comandos}{appendix.A}% 69
\BOOKMARK [0][-]{appendix.B}{Pinout do microcontrolador}{}% 70
\BOOKMARK [0][-]{appendix.C}{Antenas}{}% 71
\BOOKMARK [1][-]{section.C.1}{Antena de desenvolvimento}{appendix.C}% 72
\BOOKMARK [1][-]{section.C.2}{Antena monopolo com meandro \(0\).}{appendix.C}% 73
\BOOKMARK [1][-]{section.C.3}{Antena monopolo com meandro \(1\).}{appendix.C}% 74
\BOOKMARK [1][-]{section.C.4}{Antena PIFA\(Planar Inverted F Antenna\) com um paralelo meandro \(2\)}{appendix.C}% 75
\BOOKMARK [1][-]{section.C.5}{Antena PIFA com meandro \(3\)}{appendix.C}% 76
\BOOKMARK [1][-]{section.C.6}{Antena planar com meandro \(4\)}{appendix.C}% 77
\BOOKMARK [1][-]{section.C.7}{Antena monopolo \(5\)}{appendix.C}% 78
\BOOKMARK [1][-]{section.C.8}{Antena monopolo planar \(6\)}{appendix.C}% 79
\BOOKMARK [1][-]{section.C.9}{Antena PIFA com meandro \(7\)}{appendix.C}% 80
\BOOKMARK [1][-]{section.C.10}{Antena de teste 8}{appendix.C}% 81
\BOOKMARK [1][-]{section.C.11}{Antena monopolo com meandro \(9\)}{appendix.C}% 82
\BOOKMARK [1][-]{section.C.12}{Antena monopolo com meandro \(10\)}{appendix.C}% 83
\BOOKMARK [1][-]{section.C.13}{Antena monopolo com meandro \(11\)}{appendix.C}% 84
\BOOKMARK [1][-]{section.C.14}{Antena monopolo com meandro \(12\)}{appendix.C}% 85
\BOOKMARK [1][-]{section.C.15}{Antena monopolo com meandro \(13\)}{appendix.C}% 86
\BOOKMARK [1][-]{section.C.16}{Antena monopolo com meandro \(14\)}{appendix.C}% 87
\BOOKMARK [1][-]{section.C.17}{Antena monopolo de duas camadas em espiral \(15\)}{appendix.C}% 88
\BOOKMARK [1][-]{section.C.18}{Antena monopolo de duas camadas em espiral \(16\)}{appendix.C}% 89
\BOOKMARK [0][-]{appendix.D}{PCIs iniciais}{}% 90
\BOOKMARK [1][-]{section.D.1}{PCI GSM inicial}{appendix.D}% 91
\BOOKMARK [1][-]{section.D.2}{PCI RF inicial}{appendix.D}% 92
\BOOKMARK [1][-]{section.D.3}{PCI 1\272 prot\363tipo}{appendix.D}% 93
\BOOKMARK [0][-]{appendix.E}{PCI finais}{}% 94
\BOOKMARK [1][-]{section.E.1}{Vistas da unidade central}{appendix.E}% 95
\BOOKMARK [1][-]{section.E.2}{Vistas do m\363dulo RF}{appendix.E}% 96
\BOOKMARK [1][-]{section.E.3}{PCI da unidade central em 3D}{appendix.E}% 97
\BOOKMARK [1][-]{section.E.4}{PCI do m\363dulo RF em 3D}{appendix.E}% 98
